[debug] [2024-01-09T09:30:30.487Z] ----------------------------------------------------------------------
[debug] [2024-01-09T09:30:30.497Z] Command:       C:\Program Files\nodejs\node.exe C:\Users\OluDa\AppData\Roaming\npm\node_modules\firebase-tools\lib\bin\firebase.js init
[debug] [2024-01-09T09:30:30.498Z] CLI Version:   13.0.2
[debug] [2024-01-09T09:30:30.498Z] Platform:      win32
[debug] [2024-01-09T09:30:30.498Z] Node Version:  v21.5.0
[debug] [2024-01-09T09:30:30.499Z] Time:          Tue Jan 09 2024 10:30:30 GMT+0100 (West Africa Standard Time)
[debug] [2024-01-09T09:30:30.499Z] ----------------------------------------------------------------------
[debug] 
[debug] [2024-01-09T09:30:30.518Z] > command requires scopes: ["email","openid","https://www.googleapis.com/auth/cloudplatformprojects.readonly","https://www.googleapis.com/auth/firebase","https://www.googleapis.com/auth/cloud-platform"]
[debug] [2024-01-09T09:30:30.519Z] > authorizing via signed-in user (toluwalope.david@gmail.com)
[info] 
     ######## #### ########  ######## ########     ###     ######  ########
     ##        ##  ##     ## ##       ##     ##  ##   ##  ##       ##
     ######    ##  ########  ######   ########  #########  ######  ######
     ##        ##  ##    ##  ##       ##     ## ##     ##       ## ##
     ##       #### ##     ## ######## ########  ##     ##  ######  ########

You're about to initialize a Firebase project in this directory:

  C:\Users\OluDa\OneDrive\Desktop\STAY OUT\The Abyss\The Ginuea Pigs\learning firebase\fireship-demo-app

[info] 
=== Project Setup
[info] 
[info] First, let's associate this project directory with a Firebase project.
[info] You can create multiple project aliases by running firebase use --add, 
[info] but for now we'll just set up a default project.
[info] 
[info] i  If you want to create a project in a Google Cloud organization or folder, please use "firebase projects:create" instead, and return to this command when you've created the project. 
[debug] [2024-01-09T10:17:05.265Z] ----------------------------------------------------------------------
[debug] [2024-01-09T10:17:05.291Z] Command:       C:\Program Files\nodejs\node.exe C:\Users\OluDa\AppData\Roaming\npm\node_modules\firebase-tools\lib\bin\firebase.js init
[debug] [2024-01-09T10:17:05.292Z] CLI Version:   13.0.2
[debug] [2024-01-09T10:17:05.293Z] Platform:      win32
[debug] [2024-01-09T10:17:05.294Z] Node Version:  v21.5.0
[debug] [2024-01-09T10:17:05.295Z] Time:          Tue Jan 09 2024 11:17:05 GMT+0100 (West Africa Standard Time)
[debug] [2024-01-09T10:17:05.296Z] ----------------------------------------------------------------------
[debug] 
[debug] [2024-01-09T10:17:05.328Z] > command requires scopes: ["email","openid","https://www.googleapis.com/auth/cloudplatformprojects.readonly","https://www.googleapis.com/auth/firebase","https://www.googleapis.com/auth/cloud-platform"]
[debug] [2024-01-09T10:17:05.330Z] > authorizing via signed-in user (toluwalope.david@gmail.com)
[info] 
     ######## #### ########  ######## ########     ###     ######  ########
     ##        ##  ##     ## ##       ##     ##  ##   ##  ##       ##
     ######    ##  ########  ######   ########  #########  ######  ######
     ##        ##  ##    ##  ##       ##     ## ##     ##       ## ##
     ##       #### ##     ## ######## ########  ##     ##  ######  ########

You're about to initialize a Firebase project in this directory:

  C:\Users\OluDa\OneDrive\Desktop\STAY OUT\The Abyss\The Ginuea Pigs\learning firebase\fireship-demo-app

[info] 
=== Project Setup
[info] 
[info] First, let's associate this project directory with a Firebase project.
[info] You can create multiple project aliases by running firebase use --add, 
[info] but for now we'll just set up a default project.
[info] 
[debug] [2024-01-09T10:18:09.087Z] > refreshing access token with scopes: []
[debug] [2024-01-09T10:18:09.090Z] >>> [apiv2][query] POST https://www.googleapis.com/oauth2/v3/token [none]
[debug] [2024-01-09T10:18:09.090Z] >>> [apiv2][body] POST https://www.googleapis.com/oauth2/v3/token [omitted]
[debug] [2024-01-09T10:18:09.769Z] <<< [apiv2][status] POST https://www.googleapis.com/oauth2/v3/token 200
[debug] [2024-01-09T10:18:09.770Z] <<< [apiv2][body] POST https://www.googleapis.com/oauth2/v3/token [omitted]
[debug] [2024-01-09T10:18:09.786Z] >>> [apiv2][query] GET https://firebase.googleapis.com/v1beta1/projects pageSize=100
[debug] [2024-01-09T10:18:10.905Z] <<< [apiv2][status] GET https://firebase.googleapis.com/v1beta1/projects 200
[debug] [2024-01-09T10:18:10.906Z] <<< [apiv2][body] GET https://firebase.googleapis.com/v1beta1/projects [omitted]
[info] i  Using project fireship-demo-project-5a6c7 (fireship-demo-project) 
[info] 
=== Hosting Setup
[debug] [2024-01-09T10:18:58.783Z] >>> [apiv2][query] GET https://firebase.googleapis.com/v1beta1/projects/fireship-demo-project-5a6c7 [none]
[debug] [2024-01-09T10:18:59.495Z] <<< [apiv2][status] GET https://firebase.googleapis.com/v1beta1/projects/fireship-demo-project-5a6c7 200
[debug] [2024-01-09T10:18:59.496Z] <<< [apiv2][body] GET https://firebase.googleapis.com/v1beta1/projects/fireship-demo-project-5a6c7 {"projectId":"fireship-demo-project-5a6c7","projectNumber":"715227958074","displayName":"fireship-demo-project","name":"projects/fireship-demo-project-5a6c7","resources":{"hostingSite":"fireship-demo-project-5a6c7"},"state":"ACTIVE","etag":"1_ca74e983-e7c6-4c07-b798-f18db8ae87bb"}
[info] 
[info] Your public directory is the folder (relative to your project directory) that
[info] will contain Hosting assets to be uploaded with firebase deploy. If you
[info] have a build process for your assets, use your build's output directory.
[info] 
[debug] [2024-01-09T14:34:44.734Z] >>> [apiv2][query] GET https://www.gstatic.com/firebasejs/releases.json [none]
[debug] [2024-01-09T14:34:45.572Z] <<< [apiv2][status] GET https://www.gstatic.com/firebasejs/releases.json 200
[debug] [2024-01-09T14:34:45.574Z] <<< [apiv2][body] GET https://www.gstatic.com/firebasejs/releases.json {"current":{"version":"10.7.1","browserURL":"https://www.gstatic.com/firebasejs/10.7.1/firebase.js","packageURL":"https://www.gstatic.com/firebasejs/10.7.1/firebase.tgz"},"live":{"version":"10.7","browserURL":"https://www.gstatic.com/firebasejs/live/10.7/firebase.js","packageURL":"https://www.gstatic.com/firebasejs/live/10.7/firebase.tgz"},"components":{"analytics":"https://www.gstatic.com/firebasejs/10.7.1/firebase-analytics.js","app":"https://www.gstatic.com/firebasejs/10.7.1/firebase-app.js","app-check":"https://www.gstatic.com/firebasejs/10.7.1/firebase-app-check.js","auth":"https://www.gstatic.com/firebasejs/10.7.1/firebase-auth.js","auth/cordova":"https://www.gstatic.com/firebasejs/10.7.1/firebase-auth/cordova.js","functions":"https://www.gstatic.com/firebasejs/10.7.1/firebase-functions.js","firestore":"https://www.gstatic.com/firebasejs/10.7.1/firebase-firestore.js","firestore/lite":"https://www.gstatic.com/firebasejs/10.7.1/firebase-firestore/lite.js","installations":"https://www.gstatic.com/firebasejs/10.7.1/firebase-installations.js","storage":"https://www.gstatic.com/firebasejs/10.7.1/firebase-storage.js","performance":"https://www.gstatic.com/firebasejs/10.7.1/firebase-performance.js","remote-config":"https://www.gstatic.com/firebasejs/10.7.1/firebase-remote-config.js","messaging":"https://www.gstatic.com/firebasejs/10.7.1/firebase-messaging.js","messaging/sw":"https://www.gstatic.com/firebasejs/10.7.1/firebase-messaging/sw.js","database":"https://www.gstatic.com/firebasejs/10.7.1/firebase-database.js","firestore.memory":"https://www.gstatic.com/firebasejs/10.7.1/firebase-firestore.memory.js"}}
[info] i  Skipping write of public/index.html 
[info] 
[info] i  Didn't detect a .git folder. Assuming C:\Users\OluDa\OneDrive\Desktop\STAY OUT\The Abyss\The Ginuea Pigs\learning firebase\fireship-demo-app is the project root. 
[info] i  Authorizing with GitHub to upload your service account to a GitHub repository's secrets store. 
[info] 
[info] Visit this URL on this device to log in:
[info] https://github.com/login/oauth/authorize?client_id=89cf50f02ac6aaed3484&state=301421292&redirect_uri=http%3A%2F%2Flocalhost%3A9005&scope=read%3Auser%20repo%20public_repo
[info] 
[info] Waiting for authentication...
[debug] [2024-01-09T14:36:17.273Z] >>> [apiv2][query] POST https://github.com/login/oauth/access_token [none]
[debug] [2024-01-09T14:36:17.274Z] >>> [apiv2][body] POST https://github.com/login/oauth/access_token [stream]
[debug] [2024-01-09T14:36:18.472Z] <<< [apiv2][status] POST https://github.com/login/oauth/access_token 200
[debug] [2024-01-09T14:36:18.472Z] <<< [apiv2][body] POST https://github.com/login/oauth/access_token {"access_token":"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","token_type":"bearer","scope":"read:user,repo"}
[debug] [2024-01-09T14:36:18.539Z] >>> [apiv2][query] GET https://api.github.com/user [none]
[debug] [2024-01-09T14:36:19.750Z] <<< [apiv2][status] GET https://api.github.com/user 200
[debug] [2024-01-09T14:36:19.751Z] <<< [apiv2][body] GET https://api.github.com/user {"login":"JhimmieC137","id":71768696,"node_id":"MDQ6VXNlcjcxNzY4Njk2","avatar_url":"https://avatars.githubusercontent.com/u/71768696?v=4","gravatar_id":"","url":"https://api.github.com/users/JhimmieC137","html_url":"https://github.com/JhimmieC137","followers_url":"https://api.github.com/users/JhimmieC137/followers","following_url":"https://api.github.com/users/JhimmieC137/following{/other_user}","gists_url":"https://api.github.com/users/JhimmieC137/gists{/gist_id}","starred_url":"https://api.github.com/users/JhimmieC137/starred{/owner}{/repo}","subscriptions_url":"https://api.github.com/users/JhimmieC137/subscriptions","organizations_url":"https://api.github.com/users/JhimmieC137/orgs","repos_url":"https://api.github.com/users/JhimmieC137/repos","events_url":"https://api.github.com/users/JhimmieC137/events{/privacy}","received_events_url":"https://api.github.com/users/JhimmieC137/received_events","type":"User","site_admin":false,"name":"Olujimi David T.","company":"Upfolio","blog":"portfolio.theupfolio.com","location":"Ibadan/Abuja","email":null,"hireable":null,"bio":"Full Stack Developer (Back-end Heavy) ","twitter_username":"Jhimme_","public_repos":48,"public_gists":10,"followers":5,"following":6,"created_at":"2020-09-23T12:28:58Z","updated_at":"2024-01-09T13:49:05Z","private_gists":1,"total_private_repos":5,"owned_private_repos":5,"disk_usage":252038,"collaborators":0,"two_factor_authentication":true,"plan":{"name":"free","space":976562499,"collaborators":0,"private_repos":10000}}
[info] 
[info] +  Success! Logged into GitHub as JhimmieC137 
[info] 
